<?xml version="1.0" encoding="UTF-8"?>
<!-- Generated by org.testng.reporters.JUnitReportReporter -->
<testsuite hostname="LAPTOP-PFU2IK8T" failures="4" tests="56" name="AutomationTest.HomepageHeaderLinksTestCases" time="197.648" errors="0" timestamp="2024-09-09T11:17:38 EDT" skipped="0">
  <testcase classname="AutomationTest.HomepageHeaderLinksTestCases" name="click_businessanalytics" time="3.237"/>
  <testcase classname="AutomationTest.HomepageHeaderLinksTestCases" name="click_businessAnalyticsimage" time="0.076"/>
  <testcase classname="AutomationTest.HomepageHeaderLinksTestCases" name="verify_businessAnalyticsimagename" time="0.037"/>
  <testcase classname="AutomationTest.HomepageHeaderLinksTestCases" name="verify_businessAnalyticscourseinformation" time="2.282"/>
  <testcase classname="AutomationTest.HomepageHeaderLinksTestCases" name="verify_businessAnalyticsabtthecourse" time="0.038"/>
  <testcase classname="AutomationTest.HomepageHeaderLinksTestCases" name="click_modification" time="4.899"/>
  <testcase classname="AutomationTest.HomepageHeaderLinksTestCases" name="click_modificationimage" time="0.053"/>
  <testcase classname="AutomationTest.HomepageHeaderLinksTestCases" name="verify_modificationimagename" time="0.038"/>
  <testcase classname="AutomationTest.HomepageHeaderLinksTestCases" name="verify_modificationcourseinformation" time="2.478"/>
  <testcase classname="AutomationTest.HomepageHeaderLinksTestCases" name="verify_modificationabtthecourse" time="0.034"/>
  <testcase classname="AutomationTest.HomepageHeaderLinksTestCases" name="click_indianclassicalmusic" time="4.766"/>
  <testcase classname="AutomationTest.HomepageHeaderLinksTestCases" name="click_indianclassicalmusicimage" time="0.044"/>
  <testcase classname="AutomationTest.HomepageHeaderLinksTestCases" name="verify_indianclassicalmusicimagename" time="0.041"/>
  <testcase classname="AutomationTest.HomepageHeaderLinksTestCases" name="verify_indianclassicalmusiccourseinformation" time="2.260"/>
  <testcase classname="AutomationTest.HomepageHeaderLinksTestCases" name="verify_indianclassicalmusicabtthecourse" time="0.032"/>
  <testcase classname="AutomationTest.HomepageHeaderLinksTestCases" name="click_machineLearning" time="4.707"/>
  <testcase classname="AutomationTest.HomepageHeaderLinksTestCases" name="click_machineLearningimage" time="0.049"/>
  <testcase classname="AutomationTest.HomepageHeaderLinksTestCases" name="verify_machineLearningimagename" time="0.027"/>
  <testcase classname="AutomationTest.HomepageHeaderLinksTestCases" name="verify_machineLearningcourseinformation" time="2.268"/>
  <testcase classname="AutomationTest.HomepageHeaderLinksTestCases" name="verify_machineLearningabtthecourse" time="0.036"/>
  <testcase classname="AutomationTest.HomepageHeaderLinksTestCases" name="click_technologyawareness" time="4.444"/>
  <testcase classname="AutomationTest.HomepageHeaderLinksTestCases" name="click_technologyawarenesimage" time="0.052"/>
  <testcase classname="AutomationTest.HomepageHeaderLinksTestCases" name="verify_technologyawarenesimagename" time="0.036"/>
  <testcase classname="AutomationTest.HomepageHeaderLinksTestCases" name="verify_technologyawarenescourseinformation" time="2.217"/>
  <testcase classname="AutomationTest.HomepageHeaderLinksTestCases" name="verify_technologyawarenesabtthecourse" time="0.036"/>
  <testcase classname="AutomationTest.HomepageHeaderLinksTestCases" name="click_divyasc" time="4.943"/>
  <testcase classname="AutomationTest.HomepageHeaderLinksTestCases" name="click_divyascimage" time="0.057"/>
  <testcase classname="AutomationTest.HomepageHeaderLinksTestCases" name="verify_divyascimagename" time="0.030"/>
  <testcase classname="AutomationTest.HomepageHeaderLinksTestCases" name="verify_divyasccourseinformation" time="2.306"/>
  <testcase classname="AutomationTest.HomepageHeaderLinksTestCases" name="verify_divyascabtthecourse" time="0.018"/>
  <testcase classname="AutomationTest.HomepageHeaderLinksTestCases" name="click_guitarpaino" time="4.752"/>
  <testcase classname="AutomationTest.HomepageHeaderLinksTestCases" name="click_guitarpainoimage" time="0.051"/>
  <testcase classname="AutomationTest.HomepageHeaderLinksTestCases" name="verify_guitarpainoimagename" time="0.031"/>
  <testcase classname="AutomationTest.HomepageHeaderLinksTestCases" name="verify_guitarpainocourseinformation" time="2.291"/>
  <testcase classname="AutomationTest.HomepageHeaderLinksTestCases" name="verify_guitarpainoabtthecourse" time="0.016"/>
  <testcase classname="AutomationTest.HomepageHeaderLinksTestCases" name="click_itcertification" time="6.067"/>
  <testcase classname="AutomationTest.HomepageHeaderLinksTestCases" name="click_itcertificationimage" time="0.056"/>
  <testcase classname="AutomationTest.HomepageHeaderLinksTestCases" name="verify_itcertificationname" time="0.043"/>
  <testcase classname="AutomationTest.HomepageHeaderLinksTestCases" name="verify_itcertificationcourseinformation" time="2.085"/>
  <testcase classname="AutomationTest.HomepageHeaderLinksTestCases" name="verify_itcertificationabtthecourse" time="0.022"/>
  <testcase classname="AutomationTest.HomepageHeaderLinksTestCases" name="HealthBeauty" time="7.073"/>
  <testcase classname="AutomationTest.HomepageHeaderLinksTestCases" name="MusicTheory" time="7.011"/>
  <testcase classname="AutomationTest.HomepageHeaderLinksTestCases" name="TestPrepe" time="8.458"/>
  <testcase classname="AutomationTest.HomepageHeaderLinksTestCases" name="Hobbies" time="6.072"/>
  <testcase classname="AutomationTest.HomepageHeaderLinksTestCases" name="FactChecking" time="6.997"/>
  <testcase classname="AutomationTest.HomepageHeaderLinksTestCases" name="Coding" time="7.160"/>
  <testcase classname="AutomationTest.HomepageHeaderLinksTestCases" name="DanceStyles" time="7.279"/>
  <testcase classname="AutomationTest.HomepageHeaderLinksTestCases" name="ProgrammingTestCases" time="10.075">
    <failure message="Course Title is Displayed. expected [true] but found [false]" type="java.lang.AssertionError">
      <![CDATA[java.lang.AssertionError: Course Title is Displayed. expected [true] but found [false]
at org.testng.Assert.fail(Assert.java:111)
at org.testng.Assert.failNotEquals(Assert.java:1578)
at org.testng.Assert.assertTrue(Assert.java:57)
at Automation.pageobjects.HomepageHeaderLinks.Validate_CourseTitleDisplayed(HomepageHeaderLinks.java:426)
at AutomationTest.HomepageHeaderLinksTestCases.ProgrammingTestCases(HomepageHeaderLinksTestCases.java:762)
at java.base/jdk.internal.reflect.NativeMethodAccessorImpl.invoke0(Native Method)
at java.base/jdk.internal.reflect.NativeMethodAccessorImpl.invoke(NativeMethodAccessorImpl.java:77)
at java.base/jdk.internal.reflect.DelegatingMethodAccessorImpl.invoke(DelegatingMethodAccessorImpl.java:43)
at java.base/java.lang.reflect.Method.invoke(Method.java:568)
at org.testng.internal.invokers.MethodInvocationHelper.invokeMethod(MethodInvocationHelper.java:139)
at org.testng.internal.invokers.TestInvoker.invokeMethod(TestInvoker.java:664)
at org.testng.internal.invokers.TestInvoker.invokeTestMethod(TestInvoker.java:227)
at org.testng.internal.invokers.MethodRunner.runInSequence(MethodRunner.java:50)
at org.testng.internal.invokers.TestInvoker$MethodInvocationAgent.invoke(TestInvoker.java:957)
at org.testng.internal.invokers.TestInvoker.invokeTestMethods(TestInvoker.java:200)
at org.testng.internal.invokers.TestMethodWorker.invokeTestMethods(TestMethodWorker.java:148)
at org.testng.internal.invokers.TestMethodWorker.run(TestMethodWorker.java:128)
at java.base/java.util.ArrayList.forEach(ArrayList.java:1511)
at org.testng.TestRunner.privateRun(TestRunner.java:848)
at org.testng.TestRunner.run(TestRunner.java:621)
at org.testng.SuiteRunner.runTest(SuiteRunner.java:443)
at org.testng.SuiteRunner.runSequentially(SuiteRunner.java:437)
at org.testng.SuiteRunner.privateRun(SuiteRunner.java:397)
at org.testng.SuiteRunner.run(SuiteRunner.java:336)
at org.testng.SuiteRunnerWorker.runSuite(SuiteRunnerWorker.java:52)
at org.testng.SuiteRunnerWorker.run(SuiteRunnerWorker.java:95)
at org.testng.TestNG.runSuitesSequentially(TestNG.java:1280)
at org.testng.TestNG.runSuitesLocally(TestNG.java:1200)
at org.testng.TestNG.runSuites(TestNG.java:1114)
at org.testng.TestNG.run(TestNG.java:1082)
at com.intellij.rt.testng.IDEARemoteTestNG.run(IDEARemoteTestNG.java:65)
at com.intellij.rt.testng.RemoteTestNGStarter.main(RemoteTestNGStarter.java:105)
]]>
    </failure>
  </testcase> <!-- ProgrammingTestCases -->
  <testcase classname="AutomationTest.HomepageHeaderLinksTestCases" name="PersonalDevelopmentCourseCheck" time="8.263"/>
  <testcase classname="AutomationTest.HomepageHeaderLinksTestCases" name="ComputerScienceCourseCheck" time="10.596">
    <failure message="Course Title is Displayed. expected [true] but found [false]" type="java.lang.AssertionError">
      <![CDATA[java.lang.AssertionError: Course Title is Displayed. expected [true] but found [false]
at org.testng.Assert.fail(Assert.java:111)
at org.testng.Assert.failNotEquals(Assert.java:1578)
at org.testng.Assert.assertTrue(Assert.java:57)
at Automation.pageobjects.HomepageHeaderLinks.Validate_CourseTitleDisplayed(HomepageHeaderLinks.java:426)
at AutomationTest.HomepageHeaderLinksTestCases.ComputerScienceCourseCheck(HomepageHeaderLinksTestCases.java:789)
at java.base/jdk.internal.reflect.NativeMethodAccessorImpl.invoke0(Native Method)
at java.base/jdk.internal.reflect.NativeMethodAccessorImpl.invoke(NativeMethodAccessorImpl.java:77)
at java.base/jdk.internal.reflect.DelegatingMethodAccessorImpl.invoke(DelegatingMethodAccessorImpl.java:43)
at java.base/java.lang.reflect.Method.invoke(Method.java:568)
at org.testng.internal.invokers.MethodInvocationHelper.invokeMethod(MethodInvocationHelper.java:139)
at org.testng.internal.invokers.TestInvoker.invokeMethod(TestInvoker.java:664)
at org.testng.internal.invokers.TestInvoker.invokeTestMethod(TestInvoker.java:227)
at org.testng.internal.invokers.MethodRunner.runInSequence(MethodRunner.java:50)
at org.testng.internal.invokers.TestInvoker$MethodInvocationAgent.invoke(TestInvoker.java:957)
at org.testng.internal.invokers.TestInvoker.invokeTestMethods(TestInvoker.java:200)
at org.testng.internal.invokers.TestMethodWorker.invokeTestMethods(TestMethodWorker.java:148)
at org.testng.internal.invokers.TestMethodWorker.run(TestMethodWorker.java:128)
at java.base/java.util.ArrayList.forEach(ArrayList.java:1511)
at org.testng.TestRunner.privateRun(TestRunner.java:848)
at org.testng.TestRunner.run(TestRunner.java:621)
at org.testng.SuiteRunner.runTest(SuiteRunner.java:443)
at org.testng.SuiteRunner.runSequentially(SuiteRunner.java:437)
at org.testng.SuiteRunner.privateRun(SuiteRunner.java:397)
at org.testng.SuiteRunner.run(SuiteRunner.java:336)
at org.testng.SuiteRunnerWorker.runSuite(SuiteRunnerWorker.java:52)
at org.testng.SuiteRunnerWorker.run(SuiteRunnerWorker.java:95)
at org.testng.TestNG.runSuitesSequentially(TestNG.java:1280)
at org.testng.TestNG.runSuitesLocally(TestNG.java:1200)
at org.testng.TestNG.runSuites(TestNG.java:1114)
at org.testng.TestNG.run(TestNG.java:1082)
at com.intellij.rt.testng.IDEARemoteTestNG.run(IDEARemoteTestNG.java:65)
at com.intellij.rt.testng.RemoteTestNGStarter.main(RemoteTestNGStarter.java:105)
]]>
    </failure>
  </testcase> <!-- ComputerScienceCourseCheck -->
  <testcase classname="AutomationTest.HomepageHeaderLinksTestCases" name="NaturalLanguageProcess" time="10.891"/>
  <testcase classname="AutomationTest.HomepageHeaderLinksTestCases" name="TestPrepeCourseCheck" time="11.092">
    <failure message="Course Title is Displayed. expected [true] but found [false]" type="java.lang.AssertionError">
      <![CDATA[java.lang.AssertionError: Course Title is Displayed. expected [true] but found [false]
at org.testng.Assert.fail(Assert.java:111)
at org.testng.Assert.failNotEquals(Assert.java:1578)
at org.testng.Assert.assertTrue(Assert.java:57)
at Automation.pageobjects.HomepageHeaderLinks.Validate_CourseTitleDisplayed(HomepageHeaderLinks.java:426)
at AutomationTest.HomepageHeaderLinksTestCases.TestPrepeCourseCheck(HomepageHeaderLinksTestCases.java:807)
at java.base/jdk.internal.reflect.NativeMethodAccessorImpl.invoke0(Native Method)
at java.base/jdk.internal.reflect.NativeMethodAccessorImpl.invoke(NativeMethodAccessorImpl.java:77)
at java.base/jdk.internal.reflect.DelegatingMethodAccessorImpl.invoke(DelegatingMethodAccessorImpl.java:43)
at java.base/java.lang.reflect.Method.invoke(Method.java:568)
at org.testng.internal.invokers.MethodInvocationHelper.invokeMethod(MethodInvocationHelper.java:139)
at org.testng.internal.invokers.TestInvoker.invokeMethod(TestInvoker.java:664)
at org.testng.internal.invokers.TestInvoker.invokeTestMethod(TestInvoker.java:227)
at org.testng.internal.invokers.MethodRunner.runInSequence(MethodRunner.java:50)
at org.testng.internal.invokers.TestInvoker$MethodInvocationAgent.invoke(TestInvoker.java:957)
at org.testng.internal.invokers.TestInvoker.invokeTestMethods(TestInvoker.java:200)
at org.testng.internal.invokers.TestMethodWorker.invokeTestMethods(TestMethodWorker.java:148)
at org.testng.internal.invokers.TestMethodWorker.run(TestMethodWorker.java:128)
at java.base/java.util.ArrayList.forEach(ArrayList.java:1511)
at org.testng.TestRunner.privateRun(TestRunner.java:848)
at org.testng.TestRunner.run(TestRunner.java:621)
at org.testng.SuiteRunner.runTest(SuiteRunner.java:443)
at org.testng.SuiteRunner.runSequentially(SuiteRunner.java:437)
at org.testng.SuiteRunner.privateRun(SuiteRunner.java:397)
at org.testng.SuiteRunner.run(SuiteRunner.java:336)
at org.testng.SuiteRunnerWorker.runSuite(SuiteRunnerWorker.java:52)
at org.testng.SuiteRunnerWorker.run(SuiteRunnerWorker.java:95)
at org.testng.TestNG.runSuitesSequentially(TestNG.java:1280)
at org.testng.TestNG.runSuitesLocally(TestNG.java:1200)
at org.testng.TestNG.runSuites(TestNG.java:1114)
at org.testng.TestNG.run(TestNG.java:1082)
at com.intellij.rt.testng.IDEARemoteTestNG.run(IDEARemoteTestNG.java:65)
at com.intellij.rt.testng.RemoteTestNGStarter.main(RemoteTestNGStarter.java:105)
]]>
    </failure>
  </testcase> <!-- TestPrepeCourseCheck -->
  <testcase classname="AutomationTest.HomepageHeaderLinksTestCases" name="TestOthersCourseCheck" time="10.125">
    <failure message="Course Title is Displayed. expected [true] but found [false]" type="java.lang.AssertionError">
      <![CDATA[java.lang.AssertionError: Course Title is Displayed. expected [true] but found [false]
at org.testng.Assert.fail(Assert.java:111)
at org.testng.Assert.failNotEquals(Assert.java:1578)
at org.testng.Assert.assertTrue(Assert.java:57)
at Automation.pageobjects.HomepageHeaderLinks.Validate_CourseTitleDisplayed(HomepageHeaderLinks.java:426)
at AutomationTest.HomepageHeaderLinksTestCases.TestOthersCourseCheck(HomepageHeaderLinksTestCases.java:816)
at java.base/jdk.internal.reflect.NativeMethodAccessorImpl.invoke0(Native Method)
at java.base/jdk.internal.reflect.NativeMethodAccessorImpl.invoke(NativeMethodAccessorImpl.java:77)
at java.base/jdk.internal.reflect.DelegatingMethodAccessorImpl.invoke(DelegatingMethodAccessorImpl.java:43)
at java.base/java.lang.reflect.Method.invoke(Method.java:568)
at org.testng.internal.invokers.MethodInvocationHelper.invokeMethod(MethodInvocationHelper.java:139)
at org.testng.internal.invokers.TestInvoker.invokeMethod(TestInvoker.java:664)
at org.testng.internal.invokers.TestInvoker.invokeTestMethod(TestInvoker.java:227)
at org.testng.internal.invokers.MethodRunner.runInSequence(MethodRunner.java:50)
at org.testng.internal.invokers.TestInvoker$MethodInvocationAgent.invoke(TestInvoker.java:957)
at org.testng.internal.invokers.TestInvoker.invokeTestMethods(TestInvoker.java:200)
at org.testng.internal.invokers.TestMethodWorker.invokeTestMethods(TestMethodWorker.java:148)
at org.testng.internal.invokers.TestMethodWorker.run(TestMethodWorker.java:128)
at java.base/java.util.ArrayList.forEach(ArrayList.java:1511)
at org.testng.TestRunner.privateRun(TestRunner.java:848)
at org.testng.TestRunner.run(TestRunner.java:621)
at org.testng.SuiteRunner.runTest(SuiteRunner.java:443)
at org.testng.SuiteRunner.runSequentially(SuiteRunner.java:437)
at org.testng.SuiteRunner.privateRun(SuiteRunner.java:397)
at org.testng.SuiteRunner.run(SuiteRunner.java:336)
at org.testng.SuiteRunnerWorker.runSuite(SuiteRunnerWorker.java:52)
at org.testng.SuiteRunnerWorker.run(SuiteRunnerWorker.java:95)
at org.testng.TestNG.runSuitesSequentially(TestNG.java:1280)
at org.testng.TestNG.runSuitesLocally(TestNG.java:1200)
at org.testng.TestNG.runSuites(TestNG.java:1114)
at org.testng.TestNG.run(TestNG.java:1082)
at com.intellij.rt.testng.IDEARemoteTestNG.run(IDEARemoteTestNG.java:65)
at com.intellij.rt.testng.RemoteTestNGStarter.main(RemoteTestNGStarter.java:105)
]]>
    </failure>
  </testcase> <!-- TestOthersCourseCheck -->
  <testcase classname="AutomationTest.HomepageHeaderLinksTestCases" name="ElectricalengineeringCourseCheck" time="10.955"/>
  <testcase classname="AutomationTest.HomepageHeaderLinksTestCases" name="JavaCourseCheck" time="8.129"/>
  <testcase classname="AutomationTest.HomepageHeaderLinksTestCases" name="FactCheckingVerificationCourseCheck" time="10.517"/>
</testsuite> <!-- AutomationTest.HomepageHeaderLinksTestCases -->
